

***********************************************************************
Fatal NI connect error 12541, connecting to:
 (DESCRIPTION=(ADDRESS=(PROTOCOL=TCP)(HOST=172.16.0.113)(PORT=1521))(CONNECT_DATA=(SID=FGWWW1)(CID=(PROGRAM=D:\worktools\python2.7.5\python.exe)(HOST=TONYYU-NOTEBOOK)(USER=TonyYu))))

  VERSION INFORMATION:
	TNS for 32-bit Windows: Version 10.2.0.1.0 - Production
	Windows NT TCP/IP NT Protocol Adapter for 32-bit Windows: Version 10.2.0.1.0 - Production
  Time: 21-10月-2013 17:27:12
  Tracing not turned on.
  Tns error struct:
    ns main err code: 12541
    TNS-12541: TNS: 无监听程序
    ns secondary err code: 12560
    nt main err code: 511
    TNS-00511: 无监听程序
    nt secondary err code: 61
    nt OS err code: 0


***********************************************************************
Fatal NI connect error 12170.

  VERSION INFORMATION:
	TNS for 32-bit Windows: Version 10.2.0.1.0 - Production
	Windows NT TCP/IP NT Protocol Adapter for 32-bit Windows: Version 10.2.0.1.0 - Production
  Time: 22-10月-2013 09:47:34
  Tracing not turned on.
  Tns error struct:
    ns main err code: 12535
    TNS-12535: TNS: 操作超时
    ns secondary err code: 12560
    nt main err code: 505
    TNS-00505: 操作超时
    nt secondary err code: 60
    nt OS err code: 0
  Client address: <unknown>


***********************************************************************
Fatal NI connect error 12170.

  VERSION INFORMATION:
	TNS for 32-bit Windows: Version 10.2.0.1.0 - Production
	Windows NT TCP/IP NT Protocol Adapter for 32-bit Windows: Version 10.2.0.1.0 - Production
  Time: 22-10月-2013 09:47:54
  Tracing not turned on.
  Tns error struct:
    ns main err code: 12535
    TNS-12535: TNS: 操作超时
    ns secondary err code: 12560
    nt main err code: 505
    TNS-00505: 操作超时
    nt secondary err code: 60
    nt OS err code: 0
  Client address: <unknown>


***********************************************************************
Fatal NI connect error 12170.

  VERSION INFORMATION:
	TNS for 32-bit Windows: Version 10.2.0.1.0 - Production
	Windows NT TCP/IP NT Protocol Adapter for 32-bit Windows: Version 10.2.0.1.0 - Production
  Time: 22-10月-2013 09:47:57
  Tracing not turned on.
  Tns error struct:
    ns main err code: 12535
    TNS-12535: TNS: 操作超时
    ns secondary err code: 12560
    nt main err code: 505
    TNS-00505: 操作超时
    nt secondary err code: 60
    nt OS err code: 0
  Client address: <unknown>


***********************************************************************
Fatal NI connect error 12541, connecting to:
 (DESCRIPTION=(ADDRESS=(PROTOCOL=TCP)(HOST=172.16.0.112)(PORT=15211))(CONNECT_DATA=(SID=FGWWW1)(CID=(PROGRAM=D:\worktools\python2.7.5\python.exe)(HOST=TONYYU-NOTEBOOK)(USER=TonyYu))))

  VERSION INFORMATION:
	TNS for 32-bit Windows: Version 10.2.0.1.0 - Production
	Windows NT TCP/IP NT Protocol Adapter for 32-bit Windows: Version 10.2.0.1.0 - Production
  Time: 22-10月-2013 09:52:20
  Tracing not turned on.
  Tns error struct:
    ns main err code: 12541
    TNS-12541: TNS: 无监听程序
    ns secondary err code: 12560
    nt main err code: 511
    TNS-00511: 无监听程序
    nt secondary err code: 61
    nt OS err code: 0


***********************************************************************
Fatal NI connect error 12541, connecting to:
 (DESCRIPTION=(ADDRESS=(PROTOCOL=TCP)(HOST=172.16.0.112)(PORT=15211))(CONNECT_DATA=(SID=FGWWW1)(CID=(PROGRAM=D:\worktools\python2.7.5\python.exe)(HOST=TONYYU-NOTEBOOK)(USER=TonyYu))))

  VERSION INFORMATION:
	TNS for 32-bit Windows: Version 10.2.0.1.0 - Production
	Windows NT TCP/IP NT Protocol Adapter for 32-bit Windows: Version 10.2.0.1.0 - Production
  Time: 22-10月-2013 09:53:05
  Tracing not turned on.
  Tns error struct:
    ns main err code: 12541
    TNS-12541: TNS: 无监听程序
    ns secondary err code: 12560
    nt main err code: 511
    TNS-00511: 无监听程序
    nt secondary err code: 61
    nt OS err code: 0


***********************************************************************
Fatal NI connect error 12541, connecting to:
 (DESCRIPTION=(ADDRESS=(PROTOCOL=TCP)(HOST=172.16.0.112)(PORT=15211))(CONNECT_DATA=(SID=FGWWW1)(CID=(PROGRAM=D:\worktools\python2.7.5\python.exe)(HOST=TONYYU-NOTEBOOK)(USER=TonyYu))))

  VERSION INFORMATION:
	TNS for 32-bit Windows: Version 10.2.0.1.0 - Production
	Windows NT TCP/IP NT Protocol Adapter for 32-bit Windows: Version 10.2.0.1.0 - Production
  Time: 22-10月-2013 09:54:36
  Tracing not turned on.
  Tns error struct:
    ns main err code: 12541
    TNS-12541: TNS: 无监听程序
    ns secondary err code: 12560
    nt main err code: 511
    TNS-00511: 无监听程序
    nt secondary err code: 61
    nt OS err code: 0


***********************************************************************
Fatal NI connect error 12541, connecting to:
 (DESCRIPTION=(ADDRESS=(PROTOCOL=TCP)(HOST=172.16.0.112)(PORT=15211))(CONNECT_DATA=(SID=FGWWW1)(CID=(PROGRAM=D:\worktools\python2.7.5\python.exe)(HOST=TONYYU-NOTEBOOK)(USER=TonyYu))))

  VERSION INFORMATION:
	TNS for 32-bit Windows: Version 10.2.0.1.0 - Production
	Windows NT TCP/IP NT Protocol Adapter for 32-bit Windows: Version 10.2.0.1.0 - Production
  Time: 22-10月-2013 09:55:30
  Tracing not turned on.
  Tns error struct:
    ns main err code: 12541
    TNS-12541: TNS: 无监听程序
    ns secondary err code: 12560
    nt main err code: 511
    TNS-00511: 无监听程序
    nt secondary err code: 61
    nt OS err code: 0


***********************************************************************
Fatal NI connect error 12541, connecting to:
 (DESCRIPTION=(ADDRESS=(PROTOCOL=TCP)(HOST=172.16.0.112)(PORT=15211))(CONNECT_DATA=(SID=FGWWW1)(CID=(PROGRAM=D:\worktools\python2.7.5\python.exe)(HOST=TONYYU-NOTEBOOK)(USER=TonyYu))))

  VERSION INFORMATION:
	TNS for 32-bit Windows: Version 10.2.0.1.0 - Production
	Windows NT TCP/IP NT Protocol Adapter for 32-bit Windows: Version 10.2.0.1.0 - Production
  Time: 22-10月-2013 09:57:40
  Tracing not turned on.
  Tns error struct:
    ns main err code: 12541
    TNS-12541: TNS: 无监听程序
    ns secondary err code: 12560
    nt main err code: 511
    TNS-00511: 无监听程序
    nt secondary err code: 61
    nt OS err code: 0


***********************************************************************
Fatal NI connect error 12541, connecting to:
 (DESCRIPTION=(ADDRESS=(PROTOCOL=TCP)(HOST=172.16.0.112)(PORT=15211))(CONNECT_DATA=(SID=FGWWW1)(CID=(PROGRAM=D:\worktools\python2.7.5\python.exe)(HOST=TONYYU-NOTEBOOK)(USER=TonyYu))))

  VERSION INFORMATION:
	TNS for 32-bit Windows: Version 10.2.0.1.0 - Production
	Windows NT TCP/IP NT Protocol Adapter for 32-bit Windows: Version 10.2.0.1.0 - Production
  Time: 22-10月-2013 09:58:07
  Tracing not turned on.
  Tns error struct:
    ns main err code: 12541
    TNS-12541: TNS: 无监听程序
    ns secondary err code: 12560
    nt main err code: 511
    TNS-00511: 无监听程序
    nt secondary err code: 61
    nt OS err code: 0


***********************************************************************
Fatal NI connect error 12541, connecting to:
 (DESCRIPTION=(ADDRESS=(PROTOCOL=TCP)(HOST=172.16.0.112)(PORT=15211))(CONNECT_DATA=(SID=FGWWW1)(CID=(PROGRAM=D:\worktools\python2.7.5\python.exe)(HOST=TONYYU-NOTEBOOK)(USER=TonyYu))))

  VERSION INFORMATION:
	TNS for 32-bit Windows: Version 10.2.0.1.0 - Production
	Windows NT TCP/IP NT Protocol Adapter for 32-bit Windows: Version 10.2.0.1.0 - Production
  Time: 22-10月-2013 10:00:42
  Tracing not turned on.
  Tns error struct:
    ns main err code: 12541
    TNS-12541: TNS: 无监听程序
    ns secondary err code: 12560
    nt main err code: 511
    TNS-00511: 无监听程序
    nt secondary err code: 61
    nt OS err code: 0
